<?xml version="1.0" encoding="UTF-8"?>
<!-- Generated by org.testng.reporters.JUnitXMLReporter -->
<testsuite ignored="0" hostname="DESKTOP-64I2TDN" failures="0" tests="3" name="Test" time="39.59" errors="0" timestamp="2024-12-25T21:08:56 IST">
  <testcase classname="com.testCases.TC_Login" name="testLogin" time="5.072"/>
  <testcase classname="com.testCases.TC_RequestQuatation" name="testRequestQuatation" time="7.626"/>
  <testcase classname="com.testCases.TC_RetreiveQuatation" name="testRetreiveQuatation" time="6.509"/>
</testsuite> <!-- Test -->
