<?xml version="1.0" encoding="UTF-8"?>
<!-- Generated by org.testng.reporters.JUnitXMLReporter -->
<testsuite ignored="0" hostname="DESKTOP-64I2TDN" failures="0" tests="3" name="Test" time="44.96" errors="0" timestamp="2024-12-25T22:41:27 IST">
  <testcase classname="com.testCases.TC_Login" name="testLogin" time="4.699"/>
  <testcase classname="com.testCases.TC_RequestQuatation" name="testRequestQuatation" time="9.568"/>
  <testcase classname="com.testCases.TC_RetreiveQuatation" name="testRetreiveQuatation" time="6.847"/>
</testsuite> <!-- Test -->
