<?xml version="1.0" encoding="UTF-8"?>
<testsuite xmlns:xsi="http://www.w3.org/2001/XMLSchema-instance" xsi:noNamespaceSchemaLocation="https://maven.apache.org/surefire/maven-surefire-plugin/xsd/surefire-test-report-3.0.xsd" version="3.0" name="TestSuite" time="46.446" tests="3" errors="0" skipped="0" failures="0">
  <properties>
[...]
</properties>
  <testcase name="testLogin" classname="com.testCases.TC_Login" time="4.7">
    <system-out><![CDATA[22:40:53.198 [main] INFO  com.testCases.BaseClass - URL Loaded Successfully
22:40:53.636 [main] INFO  com.testCases.BaseClass - Email Entered
22:40:53.844 [main] INFO  com.testCases.BaseClass - Password Entered
22:40:56.038 [main] INFO  com.testCases.BaseClass - Successfully Logged In with:sugusuriya347@gmail.com
22:40:57.884 [main] INFO  com.testCases.BaseClass - Logged Out Successfully
]]></system-out>
    <system-err><![CDATA[SLF4J: Failed to load class "org.slf4j.impl.StaticLoggerBinder".
SLF4J: Defaulting to no-operation (NOP) logger implementation
SLF4J: See http://www.slf4j.org/codes.html#StaticLoggerBinder for further details.
Dec 25, 2024 10:40:49 PM org.openqa.selenium.devtools.CdpVersionFinder findNearestMatch
WARNING: Unable to find an exact match for CDP version 131, returning the closest version; found: 129; Please update to a Selenium version that supports CDP version 131
]]></system-err>
  </testcase>
  <testcase name="testRequestQuatation" classname="com.testCases.TC_RequestQuatation" time="9.573">
    <system-out><![CDATA[22:41:04.842 [main] INFO  com.testCases.BaseClass - URL Loaded Successfully
22:41:05.075 [main] INFO  com.testCases.BaseClass - Email Entered
22:41:05.302 [main] INFO  com.testCases.BaseClass - Password Entered
22:41:08.439 [main] INFO  com.testCases.BaseClass - Successfully Logged In with:sugusuriya347@gmail.com
22:41:14.342 [main] INFO  com.testCases.BaseClass - Quatation Saved SuccessFully
22:41:14.406 [main] INFO  com.testCases.BaseClass - 42772
]]></system-out>
    <system-err><![CDATA[Dec 25, 2024 10:41:00 PM org.openqa.selenium.devtools.CdpVersionFinder findNearestMatch
WARNING: Unable to find an exact match for CDP version 131, returning the closest version; found: 129; Please update to a Selenium version that supports CDP version 131
]]></system-err>
  </testcase>
  <testcase name="testRetreiveQuatation" classname="com.testCases.TC_RetreiveQuatation" time="6.844">
    <system-out><![CDATA[22:41:19.895 [main] INFO  com.testCases.BaseClass - URL Loaded Successfully
22:41:20.139 [main] INFO  com.testCases.BaseClass - Email Entered
22:41:20.375 [main] INFO  com.testCases.BaseClass - Password Entered
22:41:23.104 [main] INFO  com.testCases.BaseClass - Successfully Logged In with:sugusuriya347@gmail.com
22:41:23.346 [main] INFO  com.testCases.BaseClass - Retreive Quatation Tab Clicked
22:41:23.543 [main] INFO  com.testCases.BaseClass - Identity Number Loaded
22:41:24.479 [main] INFO  com.testCases.BaseClass - Retreive Button Clicked
22:41:26.740 [main] INFO  com.testCases.BaseClass - Screenshot Tooked for Quauation Details
]]></system-out>
    <system-err><![CDATA[Dec 25, 2024 10:41:17 PM org.openqa.selenium.devtools.CdpVersionFinder findNearestMatch
WARNING: Unable to find an exact match for CDP version 131, returning the closest version; found: 129; Please update to a Selenium version that supports CDP version 131
]]></system-err>
  </testcase>
</testsuite>