<?xml version="1.0" encoding="UTF-8"?>
<testng-results ignored="0" total="3" passed="3" failed="0" skipped="0">
  <reporter-output>
  </reporter-output>
  <suite started-at="2024-12-25T21:08:17 IST" name="Suite" finished-at="2024-12-25T21:08:56 IST" duration-ms="39590">
    <groups>
    </groups>
    <test started-at="2024-12-25T21:08:17 IST" name="Test" finished-at="2024-12-25T21:08:56 IST" duration-ms="39590">
      <class name="com.testCases.TC_RequestQuatation">
        <test-method is-config="true" signature="setUp(java.lang.String)[pri:0, instance:com.testCases.TC_RequestQuatation@1a6d8329]" started-at="2024-12-25T21:08:30 IST" name="setUp" finished-at="2024-12-25T21:08:35 IST" duration-ms="4746" status="PASS">
          <params>
            <param index="0">
              <value>
                <![CDATA[Chrome]]>
              </value>
            </param>
          </params>
          <reporter-output>
          </reporter-output>
        </test-method> <!-- setUp -->
        <test-method signature="testRequestQuatation()[pri:0, instance:com.testCases.TC_RequestQuatation@1a6d8329]" started-at="2024-12-25T21:08:35 IST" name="testRequestQuatation" finished-at="2024-12-25T21:08:43 IST" duration-ms="7626" status="PASS">
          <reporter-output>
          </reporter-output>
        </test-method> <!-- testRequestQuatation -->
        <test-method is-config="true" signature="tearDown()[pri:0, instance:com.testCases.TC_RequestQuatation@1a6d8329]" started-at="2024-12-25T21:08:43 IST" name="tearDown" finished-at="2024-12-25T21:08:45 IST" duration-ms="2011" status="PASS">
          <reporter-output>
          </reporter-output>
        </test-method> <!-- tearDown -->
      </class> <!-- com.testCases.TC_RequestQuatation -->
      <class name="com.testCases.TC_Login">
        <test-method is-config="true" signature="setUp(java.lang.String)[pri:0, instance:com.testCases.TC_Login@13e344d]" started-at="2024-12-25T21:08:17 IST" name="setUp" finished-at="2024-12-25T21:08:24 IST" duration-ms="7559" status="PASS">
          <params>
            <param index="0">
              <value>
                <![CDATA[Chrome]]>
              </value>
            </param>
          </params>
          <reporter-output>
          </reporter-output>
        </test-method> <!-- setUp -->
        <test-method signature="testLogin()[pri:0, instance:com.testCases.TC_Login@13e344d]" started-at="2024-12-25T21:08:24 IST" name="testLogin" finished-at="2024-12-25T21:08:30 IST" duration-ms="5072" status="PASS">
          <reporter-output>
          </reporter-output>
        </test-method> <!-- testLogin -->
        <test-method is-config="true" signature="tearDown()[pri:0, instance:com.testCases.TC_Login@13e344d]" started-at="2024-12-25T21:08:30 IST" name="tearDown" finished-at="2024-12-25T21:08:30 IST" duration-ms="661" status="PASS">
          <reporter-output>
          </reporter-output>
        </test-method> <!-- tearDown -->
      </class> <!-- com.testCases.TC_Login -->
      <class name="com.testCases.TC_RetreiveQuatation">
        <test-method is-config="true" signature="setUp(java.lang.String)[pri:0, instance:com.testCases.TC_RetreiveQuatation@1a942c18]" started-at="2024-12-25T21:08:45 IST" name="setUp" finished-at="2024-12-25T21:08:49 IST" duration-ms="4748" status="PASS">
          <params>
            <param index="0">
              <value>
                <![CDATA[Chrome]]>
              </value>
            </param>
          </params>
          <reporter-output>
          </reporter-output>
        </test-method> <!-- setUp -->
        <test-method signature="testRetreiveQuatation()[pri:0, instance:com.testCases.TC_RetreiveQuatation@1a942c18]" started-at="2024-12-25T21:08:49 IST" name="testRetreiveQuatation" finished-at="2024-12-25T21:08:56 IST" duration-ms="6509" status="PASS">
          <reporter-output>
          </reporter-output>
        </test-method> <!-- testRetreiveQuatation -->
        <test-method is-config="true" signature="tearDown()[pri:0, instance:com.testCases.TC_RetreiveQuatation@1a942c18]" started-at="2024-12-25T21:08:56 IST" name="tearDown" finished-at="2024-12-25T21:08:56 IST" duration-ms="464" status="PASS">
          <reporter-output>
          </reporter-output>
        </test-method> <!-- tearDown -->
      </class> <!-- com.testCases.TC_RetreiveQuatation -->
    </test> <!-- Test -->
  </suite> <!-- Suite -->
</testng-results>
